<?xml version="1.0" encoding="UTF-8"?>
<testsuite xmlns:xsi="http://www.w3.org/2001/XMLSchema-instance" xsi:noNamespaceSchemaLocation="https://maven.apache.org/surefire/maven-surefire-plugin/xsd/surefire-test-report.xsd" name="edu.nf.lol.service.test.product.ProductDetailTest" time="0.01" tests="1" errors="0" skipped="0" failures="0">
  <properties>
    <property name="sun.desktop" value="windows"/>
    <property name="awt.toolkit" value="sun.awt.windows.WToolkit"/>
    <property name="file.encoding.pkg" value="sun.io"/>
    <property name="java.specification.version" value="1.8"/>
    <property name="sun.cpu.isalist" value="amd64"/>
    <property name="sun.jnu.encoding" value="GBK"/>
    <property name="java.class.path" value="F:\lol\lol-service\target\test-classes;F:\lol\lol-service\target\classes;F:\lol\lol-dao\target\lol-dao-1.0-SNAPSHOT.jar;F:\二学年资料\repo\org\mybatis\spring\boot\mybatis-spring-boot-starter\1.3.1\mybatis-spring-boot-starter-1.3.1.jar;F:\二学年资料\repo\org\mybatis\spring\boot\mybatis-spring-boot-autoconfigure\1.3.1\mybatis-spring-boot-autoconfigure-1.3.1.jar;F:\二学年资料\repo\org\mybatis\mybatis\3.4.5\mybatis-3.4.5.jar;F:\二学年资料\repo\org\mybatis\mybatis-spring\1.3.1\mybatis-spring-1.3.1.jar;F:\二学年资料\repo\com\github\pagehelper\pagehelper-spring-boot-starter\1.2.3\pagehelper-spring-boot-starter-1.2.3.jar;F:\二学年资料\repo\com\github\pagehelper\pagehelper-spring-boot-autoconfigure\1.2.3\pagehelper-spring-boot-autoconfigure-1.2.3.jar;F:\二学年资料\repo\com\github\pagehelper\pagehelper\5.1.2\pagehelper-5.1.2.jar;F:\二学年资料\repo\com\github\jsqlparser\jsqlparser\1.0\jsqlparser-1.0.jar;F:\二学年资料\repo\com\alibaba\druid-spring-boot-starter\1.1.10\druid-spring-boot-starter-1.1.10.jar;F:\二学年资料\repo\com\alibaba\druid\1.1.10\druid-1.1.10.jar;F:\二学年资料\repo\org\slf4j\slf4j-api\1.7.30\slf4j-api-1.7.30.jar;F:\二学年资料\repo\org\springframework\boot\spring-boot-autoconfigure\2.2.4.RELEASE\spring-boot-autoconfigure-2.2.4.RELEASE.jar;F:\二学年资料\repo\mysql\mysql-connector-java\8.0.19\mysql-connector-java-8.0.19.jar;F:\lol\lol-entity\target\lol-entity-1.0-SNAPSHOT.jar;F:\二学年资料\repo\org\projectlombok\lombok\1.18.10\lombok-1.18.10.jar;F:\二学年资料\repo\org\springframework\boot\spring-boot-starter-jdbc\2.2.4.RELEASE\spring-boot-starter-jdbc-2.2.4.RELEASE.jar;F:\二学年资料\repo\com\zaxxer\HikariCP\3.4.2\HikariCP-3.4.2.jar;F:\二学年资料\repo\org\springframework\spring-jdbc\5.2.3.RELEASE\spring-jdbc-5.2.3.RELEASE.jar;F:\二学年资料\repo\org\springframework\spring-beans\5.2.3.RELEASE\spring-beans-5.2.3.RELEASE.jar;F:\二学年资料\repo\org\springframework\spring-tx\5.2.3.RELEASE\spring-tx-5.2.3.RELEASE.jar;F:\lol\lol-util\target\lol-util-1.0-SNAPSHOT.jar;F:\二学年资料\repo\org\springframework\boot\spring-boot-starter-test\2.2.4.RELEASE\spring-boot-starter-test-2.2.4.RELEASE.jar;F:\二学年资料\repo\org\springframework\boot\spring-boot-starter\2.2.4.RELEASE\spring-boot-starter-2.2.4.RELEASE.jar;F:\二学年资料\repo\org\springframework\boot\spring-boot\2.2.4.RELEASE\spring-boot-2.2.4.RELEASE.jar;F:\二学年资料\repo\org\springframework\spring-context\5.2.3.RELEASE\spring-context-5.2.3.RELEASE.jar;F:\二学年资料\repo\org\springframework\spring-aop\5.2.3.RELEASE\spring-aop-5.2.3.RELEASE.jar;F:\二学年资料\repo\org\springframework\spring-expression\5.2.3.RELEASE\spring-expression-5.2.3.RELEASE.jar;F:\二学年资料\repo\org\springframework\boot\spring-boot-starter-logging\2.2.4.RELEASE\spring-boot-starter-logging-2.2.4.RELEASE.jar;F:\二学年资料\repo\ch\qos\logback\logback-classic\1.2.3\logback-classic-1.2.3.jar;F:\二学年资料\repo\ch\qos\logback\logback-core\1.2.3\logback-core-1.2.3.jar;F:\二学年资料\repo\org\apache\logging\log4j\log4j-to-slf4j\2.12.1\log4j-to-slf4j-2.12.1.jar;F:\二学年资料\repo\org\apache\logging\log4j\log4j-api\2.12.1\log4j-api-2.12.1.jar;F:\二学年资料\repo\org\slf4j\jul-to-slf4j\1.7.30\jul-to-slf4j-1.7.30.jar;F:\二学年资料\repo\jakarta\annotation\jakarta.annotation-api\1.3.5\jakarta.annotation-api-1.3.5.jar;F:\二学年资料\repo\org\yaml\snakeyaml\1.25\snakeyaml-1.25.jar;F:\二学年资料\repo\org\springframework\boot\spring-boot-test\2.2.4.RELEASE\spring-boot-test-2.2.4.RELEASE.jar;F:\二学年资料\repo\org\springframework\boot\spring-boot-test-autoconfigure\2.2.4.RELEASE\spring-boot-test-autoconfigure-2.2.4.RELEASE.jar;F:\二学年资料\repo\com\jayway\jsonpath\json-path\2.4.0\json-path-2.4.0.jar;F:\二学年资料\repo\net\minidev\json-smart\2.3\json-smart-2.3.jar;F:\二学年资料\repo\net\minidev\accessors-smart\1.2\accessors-smart-1.2.jar;F:\二学年资料\repo\org\ow2\asm\asm\5.0.4\asm-5.0.4.jar;F:\二学年资料\repo\jakarta\xml\bind\jakarta.xml.bind-api\2.3.2\jakarta.xml.bind-api-2.3.2.jar;F:\二学年资料\repo\jakarta\activation\jakarta.activation-api\1.2.1\jakarta.activation-api-1.2.1.jar;F:\二学年资料\repo\org\junit\jupiter\junit-jupiter\5.5.2\junit-jupiter-5.5.2.jar;F:\二学年资料\repo\org\junit\jupiter\junit-jupiter-api\5.5.2\junit-jupiter-api-5.5.2.jar;F:\二学年资料\repo\org\apiguardian\apiguardian-api\1.1.0\apiguardian-api-1.1.0.jar;F:\二学年资料\repo\org\opentest4j\opentest4j\1.2.0\opentest4j-1.2.0.jar;F:\二学年资料\repo\org\junit\platform\junit-platform-commons\1.5.2\junit-platform-commons-1.5.2.jar;F:\二学年资料\repo\org\junit\jupiter\junit-jupiter-params\5.5.2\junit-jupiter-params-5.5.2.jar;F:\二学年资料\repo\org\junit\jupiter\junit-jupiter-engine\5.5.2\junit-jupiter-engine-5.5.2.jar;F:\二学年资料\repo\org\junit\platform\junit-platform-engine\1.5.2\junit-platform-engine-1.5.2.jar;F:\二学年资料\repo\org\mockito\mockito-junit-jupiter\3.1.0\mockito-junit-jupiter-3.1.0.jar;F:\二学年资料\repo\org\assertj\assertj-core\3.13.2\assertj-core-3.13.2.jar;F:\二学年资料\repo\org\hamcrest\hamcrest\2.1\hamcrest-2.1.jar;F:\二学年资料\repo\org\mockito\mockito-core\3.1.0\mockito-core-3.1.0.jar;F:\二学年资料\repo\net\bytebuddy\byte-buddy\1.10.6\byte-buddy-1.10.6.jar;F:\二学年资料\repo\net\bytebuddy\byte-buddy-agent\1.10.6\byte-buddy-agent-1.10.6.jar;F:\二学年资料\repo\org\objenesis\objenesis\2.6\objenesis-2.6.jar;F:\二学年资料\repo\org\skyscreamer\jsonassert\1.5.0\jsonassert-1.5.0.jar;F:\二学年资料\repo\com\vaadin\external\google\android-json\0.0.20131108.vaadin1\android-json-0.0.20131108.vaadin1.jar;F:\二学年资料\repo\org\springframework\spring-core\5.2.3.RELEASE\spring-core-5.2.3.RELEASE.jar;F:\二学年资料\repo\org\springframework\spring-jcl\5.2.3.RELEASE\spring-jcl-5.2.3.RELEASE.jar;F:\二学年资料\repo\org\springframework\spring-test\5.2.3.RELEASE\spring-test-5.2.3.RELEASE.jar;F:\二学年资料\repo\org\xmlunit\xmlunit-core\2.6.3\xmlunit-core-2.6.3.jar;"/>
    <property name="java.vm.vendor" value="Oracle Corporation"/>
    <property name="sun.arch.data.model" value="64"/>
    <property name="user.variant" value=""/>
    <property name="java.vendor.url" value="http://java.oracle.com/"/>
    <property name="user.timezone" value="Asia/Shanghai"/>
    <property name="java.vm.specification.version" value="1.8"/>
    <property name="os.name" value="Windows 10"/>
    <property name="user.country" value="CN"/>
    <property name="sun.java.launcher" value="SUN_STANDARD"/>
    <property name="sun.boot.library.path" value="E:\JDK8\jre\bin"/>
    <property name="sun.java.command" value="C:\Users\ADMINI~1\AppData\Local\Temp\surefire3348611521614642481\surefirebooter3105346030520624951.jar C:\Users\Administrator\AppData\Local\Temp\surefire3348611521614642481 2020-03-11T00-10-34_290-jvmRun1 surefire9074807857055760522tmp surefire_06053756924859205281tmp"/>
    <property name="surefire.test.class.path" value="F:\lol\lol-service\target\test-classes;F:\lol\lol-service\target\classes;F:\lol\lol-dao\target\lol-dao-1.0-SNAPSHOT.jar;F:\二学年资料\repo\org\mybatis\spring\boot\mybatis-spring-boot-starter\1.3.1\mybatis-spring-boot-starter-1.3.1.jar;F:\二学年资料\repo\org\mybatis\spring\boot\mybatis-spring-boot-autoconfigure\1.3.1\mybatis-spring-boot-autoconfigure-1.3.1.jar;F:\二学年资料\repo\org\mybatis\mybatis\3.4.5\mybatis-3.4.5.jar;F:\二学年资料\repo\org\mybatis\mybatis-spring\1.3.1\mybatis-spring-1.3.1.jar;F:\二学年资料\repo\com\github\pagehelper\pagehelper-spring-boot-starter\1.2.3\pagehelper-spring-boot-starter-1.2.3.jar;F:\二学年资料\repo\com\github\pagehelper\pagehelper-spring-boot-autoconfigure\1.2.3\pagehelper-spring-boot-autoconfigure-1.2.3.jar;F:\二学年资料\repo\com\github\pagehelper\pagehelper\5.1.2\pagehelper-5.1.2.jar;F:\二学年资料\repo\com\github\jsqlparser\jsqlparser\1.0\jsqlparser-1.0.jar;F:\二学年资料\repo\com\alibaba\druid-spring-boot-starter\1.1.10\druid-spring-boot-starter-1.1.10.jar;F:\二学年资料\repo\com\alibaba\druid\1.1.10\druid-1.1.10.jar;F:\二学年资料\repo\org\slf4j\slf4j-api\1.7.30\slf4j-api-1.7.30.jar;F:\二学年资料\repo\org\springframework\boot\spring-boot-autoconfigure\2.2.4.RELEASE\spring-boot-autoconfigure-2.2.4.RELEASE.jar;F:\二学年资料\repo\mysql\mysql-connector-java\8.0.19\mysql-connector-java-8.0.19.jar;F:\lol\lol-entity\target\lol-entity-1.0-SNAPSHOT.jar;F:\二学年资料\repo\org\projectlombok\lombok\1.18.10\lombok-1.18.10.jar;F:\二学年资料\repo\org\springframework\boot\spring-boot-starter-jdbc\2.2.4.RELEASE\spring-boot-starter-jdbc-2.2.4.RELEASE.jar;F:\二学年资料\repo\com\zaxxer\HikariCP\3.4.2\HikariCP-3.4.2.jar;F:\二学年资料\repo\org\springframework\spring-jdbc\5.2.3.RELEASE\spring-jdbc-5.2.3.RELEASE.jar;F:\二学年资料\repo\org\springframework\spring-beans\5.2.3.RELEASE\spring-beans-5.2.3.RELEASE.jar;F:\二学年资料\repo\org\springframework\spring-tx\5.2.3.RELEASE\spring-tx-5.2.3.RELEASE.jar;F:\lol\lol-util\target\lol-util-1.0-SNAPSHOT.jar;F:\二学年资料\repo\org\springframework\boot\spring-boot-starter-test\2.2.4.RELEASE\spring-boot-starter-test-2.2.4.RELEASE.jar;F:\二学年资料\repo\org\springframework\boot\spring-boot-starter\2.2.4.RELEASE\spring-boot-starter-2.2.4.RELEASE.jar;F:\二学年资料\repo\org\springframework\boot\spring-boot\2.2.4.RELEASE\spring-boot-2.2.4.RELEASE.jar;F:\二学年资料\repo\org\springframework\spring-context\5.2.3.RELEASE\spring-context-5.2.3.RELEASE.jar;F:\二学年资料\repo\org\springframework\spring-aop\5.2.3.RELEASE\spring-aop-5.2.3.RELEASE.jar;F:\二学年资料\repo\org\springframework\spring-expression\5.2.3.RELEASE\spring-expression-5.2.3.RELEASE.jar;F:\二学年资料\repo\org\springframework\boot\spring-boot-starter-logging\2.2.4.RELEASE\spring-boot-starter-logging-2.2.4.RELEASE.jar;F:\二学年资料\repo\ch\qos\logback\logback-classic\1.2.3\logback-classic-1.2.3.jar;F:\二学年资料\repo\ch\qos\logback\logback-core\1.2.3\logback-core-1.2.3.jar;F:\二学年资料\repo\org\apache\logging\log4j\log4j-to-slf4j\2.12.1\log4j-to-slf4j-2.12.1.jar;F:\二学年资料\repo\org\apache\logging\log4j\log4j-api\2.12.1\log4j-api-2.12.1.jar;F:\二学年资料\repo\org\slf4j\jul-to-slf4j\1.7.30\jul-to-slf4j-1.7.30.jar;F:\二学年资料\repo\jakarta\annotation\jakarta.annotation-api\1.3.5\jakarta.annotation-api-1.3.5.jar;F:\二学年资料\repo\org\yaml\snakeyaml\1.25\snakeyaml-1.25.jar;F:\二学年资料\repo\org\springframework\boot\spring-boot-test\2.2.4.RELEASE\spring-boot-test-2.2.4.RELEASE.jar;F:\二学年资料\repo\org\springframework\boot\spring-boot-test-autoconfigure\2.2.4.RELEASE\spring-boot-test-autoconfigure-2.2.4.RELEASE.jar;F:\二学年资料\repo\com\jayway\jsonpath\json-path\2.4.0\json-path-2.4.0.jar;F:\二学年资料\repo\net\minidev\json-smart\2.3\json-smart-2.3.jar;F:\二学年资料\repo\net\minidev\accessors-smart\1.2\accessors-smart-1.2.jar;F:\二学年资料\repo\org\ow2\asm\asm\5.0.4\asm-5.0.4.jar;F:\二学年资料\repo\jakarta\xml\bind\jakarta.xml.bind-api\2.3.2\jakarta.xml.bind-api-2.3.2.jar;F:\二学年资料\repo\jakarta\activation\jakarta.activation-api\1.2.1\jakarta.activation-api-1.2.1.jar;F:\二学年资料\repo\org\junit\jupiter\junit-jupiter\5.5.2\junit-jupiter-5.5.2.jar;F:\二学年资料\repo\org\junit\jupiter\junit-jupiter-api\5.5.2\junit-jupiter-api-5.5.2.jar;F:\二学年资料\repo\org\apiguardian\apiguardian-api\1.1.0\apiguardian-api-1.1.0.jar;F:\二学年资料\repo\org\opentest4j\opentest4j\1.2.0\opentest4j-1.2.0.jar;F:\二学年资料\repo\org\junit\platform\junit-platform-commons\1.5.2\junit-platform-commons-1.5.2.jar;F:\二学年资料\repo\org\junit\jupiter\junit-jupiter-params\5.5.2\junit-jupiter-params-5.5.2.jar;F:\二学年资料\repo\org\junit\jupiter\junit-jupiter-engine\5.5.2\junit-jupiter-engine-5.5.2.jar;F:\二学年资料\repo\org\junit\platform\junit-platform-engine\1.5.2\junit-platform-engine-1.5.2.jar;F:\二学年资料\repo\org\mockito\mockito-junit-jupiter\3.1.0\mockito-junit-jupiter-3.1.0.jar;F:\二学年资料\repo\org\assertj\assertj-core\3.13.2\assertj-core-3.13.2.jar;F:\二学年资料\repo\org\hamcrest\hamcrest\2.1\hamcrest-2.1.jar;F:\二学年资料\repo\org\mockito\mockito-core\3.1.0\mockito-core-3.1.0.jar;F:\二学年资料\repo\net\bytebuddy\byte-buddy\1.10.6\byte-buddy-1.10.6.jar;F:\二学年资料\repo\net\bytebuddy\byte-buddy-agent\1.10.6\byte-buddy-agent-1.10.6.jar;F:\二学年资料\repo\org\objenesis\objenesis\2.6\objenesis-2.6.jar;F:\二学年资料\repo\org\skyscreamer\jsonassert\1.5.0\jsonassert-1.5.0.jar;F:\二学年资料\repo\com\vaadin\external\google\android-json\0.0.20131108.vaadin1\android-json-0.0.20131108.vaadin1.jar;F:\二学年资料\repo\org\springframework\spring-core\5.2.3.RELEASE\spring-core-5.2.3.RELEASE.jar;F:\二学年资料\repo\org\springframework\spring-jcl\5.2.3.RELEASE\spring-jcl-5.2.3.RELEASE.jar;F:\二学年资料\repo\org\springframework\spring-test\5.2.3.RELEASE\spring-test-5.2.3.RELEASE.jar;F:\二学年资料\repo\org\xmlunit\xmlunit-core\2.6.3\xmlunit-core-2.6.3.jar;"/>
    <property name="sun.cpu.endian" value="little"/>
    <property name="user.home" value="C:\Users\Administrator"/>
    <property name="user.language" value="zh"/>
    <property name="java.specification.vendor" value="Oracle Corporation"/>
    <property name="java.home" value="E:\JDK8\jre"/>
    <property name="basedir" value="F:\lol\lol-service"/>
    <property name="file.separator" value="\"/>
    <property name="line.separator" value="&#10;"/>
    <property name="java.vm.specification.vendor" value="Oracle Corporation"/>
    <property name="java.specification.name" value="Java Platform API Specification"/>
    <property name="java.awt.graphicsenv" value="sun.awt.Win32GraphicsEnvironment"/>
    <property name="surefire.real.class.path" value="C:\Users\ADMINI~1\AppData\Local\Temp\surefire3348611521614642481\surefirebooter3105346030520624951.jar"/>
    <property name="sun.boot.class.path" value="E:\JDK8\jre\lib\resources.jar;E:\JDK8\jre\lib\rt.jar;E:\JDK8\jre\lib\sunrsasign.jar;E:\JDK8\jre\lib\jsse.jar;E:\JDK8\jre\lib\jce.jar;E:\JDK8\jre\lib\charsets.jar;E:\JDK8\jre\lib\jfr.jar;E:\JDK8\jre\classes"/>
    <property name="user.script" value=""/>
    <property name="sun.management.compiler" value="HotSpot 64-Bit Tiered Compilers"/>
    <property name="java.runtime.version" value="1.8.0_201-b09"/>
    <property name="user.name" value="Crazy"/>
    <property name="path.separator" value=";"/>
    <property name="os.version" value="10.0"/>
    <property name="java.endorsed.dirs" value="E:\JDK8\jre\lib\endorsed"/>
    <property name="java.runtime.name" value="Java(TM) SE Runtime Environment"/>
    <property name="file.encoding" value="GBK"/>
    <property name="java.vm.name" value="Java HotSpot(TM) 64-Bit Server VM"/>
    <property name="localRepository" value="F:\二学年资料\repo"/>
    <property name="java.vendor.url.bug" value="http://bugreport.sun.com/bugreport/"/>
    <property name="java.io.tmpdir" value="C:\Users\ADMINI~1\AppData\Local\Temp\"/>
    <property name="java.version" value="1.8.0_201"/>
    <property name="user.dir" value="F:\lol\lol-service"/>
    <property name="os.arch" value="amd64"/>
    <property name="java.vm.specification.name" value="Java Virtual Machine Specification"/>
    <property name="java.awt.printerjob" value="sun.awt.windows.WPrinterJob"/>
    <property name="sun.os.patch.level" value=""/>
    <property name="java.library.path" value="E:\JDK8\jre\bin;C:\WINDOWS\Sun\Java\bin;C:\WINDOWS\system32;C:\WINDOWS;E:\apache-tomcat-8.5.42\bin;F:\Scripts\;E:\JDK8\bin;C:\Program Files (x86)\Razer Chroma SDK\bin;C:\Program Files\Razer Chroma SDK\bin;C:\Windows\system32;C:\Windows;C:\Windows\System32\Wbem;C:\Windows\System32\WindowsPowerShell\v1.0\;C:\Program Files\Microsoft SQL Server\120\Tools\Binn\;C:\Program Files (x86)\Microsoft SQL Server\100\Tools\Binn\;C:\Program Files (x86)\Microsoft SQL Server\100\DTS\Binn\;C:\Program Files (x86)\Microsoft SQL Server\100\Tools\Binn\VSShell\Common7\IDE\;C:\Program Files (x86)\Microsoft Visual Studio 9.0\Common7\IDE\PrivateAssemblies\;C:\Users\Administrator\AppData\Local\Programs\Python\Python37;C:\Program Files\MySQL\MySQL Server 5.7\bin;E:\JDK8\bin;C:\WINDOWS\system32;C:\WINDOWS;C:\WINDOWS\System32\Wbem;C:\WINDOWS\System32\WindowsPowerShell\v1.0\;C:\WINDOWS\System32\OpenSSH\;F:\Git\cmd;F:\二学年资料\apache-maven-3.6.1\bin;C:\Users\Administrator\AppData\Local\Microsoft\WindowsApps;;F:\二学年资料\IDEA\IntelliJ IDEA 2019.2\bin;;C:\Program Files (x86)\MyDrivers\DriverGenius;C:\Program Files (x86)\MyDrivers\DriverGenius\ksoft;."/>
    <property name="java.vm.info" value="mixed mode"/>
    <property name="java.vendor" value="Oracle Corporation"/>
    <property name="java.vm.version" value="25.201-b09"/>
    <property name="idea.version2019.3" value="true"/>
    <property name="java.ext.dirs" value="E:\JDK8\jre\lib\ext;C:\WINDOWS\Sun\Java\lib\ext"/>
    <property name="sun.io.unicode.encoding" value="UnicodeLittle"/>
    <property name="maven.repo.local" value="F:\二学年资料\repo"/>
    <property name="java.class.version" value="52.0"/>
  </properties>
  <testcase name="testProductDetail" classname="edu.nf.lol.service.test.product.ProductDetailTest" time="0.001"/>
</testsuite>